Using pre-set license
Built from '2020.2/release' branch; Version is '2020.2.2f1 (068178b99f32) revision 426360'; Using compiler version '192528614'; Build Type 'Release'
OS: 'Windows 10 Home; OS build 19042.985; Version 2009; 64bit' Language: 'en' Physical Memory: 16253 MB
BatchMode: 1, IsHumanControllingUs: 0, StartBugReporterOnCrash: 0, Is64bit: 1, IsPro: 0

 COMMAND LINE ARGUMENTS:
C:\Program Files\Unity\Editor\Unity.exe
-adb2
-batchMode
-noUpm
-name
AssetImportWorker0
-projectPath
C:/Users/alext/OneDrive/Documents/Unity/Git/Doodle jump prototype/Doodle-jump-prototype
-logFile
Logs/AssetImportWorker0.log
-srvPort
55267
Successfully changed project path to: C:/Users/alext/OneDrive/Documents/Unity/Git/Doodle jump prototype/Doodle-jump-prototype
C:/Users/alext/OneDrive/Documents/Unity/Git/Doodle jump prototype/Doodle-jump-prototype
Using Asset Import Pipeline V2.
Refreshing native plugins compatible for Editor in 29.88 ms, found 1 plugins.
Preloading 0 native plugins for Editor in 0.00 ms.
Initialize engine version: 2020.2.2f1 (068178b99f32)
[Subsystems] Discovering subsystems at path C:/Program Files/Unity/Editor/Data/Resources/UnitySubsystems
[Subsystems] Discovering subsystems at path C:/Users/alext/OneDrive/Documents/Unity/Git/Doodle jump prototype/Doodle-jump-prototype/Assets
GfxDevice: creating device client; threaded=0
Direct3D:
    Version:  Direct3D 11.0 [level 11.1]
    Renderer: NVIDIA GeForce RTX 2060 (ID=0x1f15)
    Vendor:   
    VRAM:     5980 MB
    Driver:   27.21.14.6192
Initialize mono
Mono path[0] = 'C:/Program Files/Unity/Editor/Data/Managed'
Mono path[1] = 'C:/Program Files/Unity/Editor/Data/MonoBleedingEdge/lib/mono/unityjit'
Mono config path = 'C:/Program Files/Unity/Editor/Data/MonoBleedingEdge/etc'
Using monoOptions --debugger-agent=transport=dt_socket,embedding=1,server=y,suspend=n,address=127.0.0.1:56248
Begin MonoManager ReloadAssembly
Registering precompiled unity dll's ...
Register platform support module: C:/Program Files/Unity/Editor/Data/PlaybackEngines/WindowsStandaloneSupport/UnityEditor.WindowsStandalone.Extensions.dll
Registered in 0.001487 seconds.
Native extension for WindowsStandalone target not found
Refreshing native plugins compatible for Editor in 31.11 ms, found 1 plugins.
Preloading 0 native plugins for Editor in 0.00 ms.
Invoked RoslynAnalysisRunner static constructor.
RoslynAnalysisRunner will not be running.
RoslynAnalysisRunner has terminated.
Mono: successfully reloaded assembly
- Completed reload, in  0.807 seconds
Platform modules already initialized, skipping
Registering precompiled user dll's ...
Registered in 0.001118 seconds.
Begin MonoManager ReloadAssembly
Native extension for WindowsStandalone target not found
Refreshing native plugins compatible for Editor in 32.44 ms, found 1 plugins.
Preloading 0 native plugins for Editor in 0.00 ms.
Invoked RoslynAnalysisRunner static constructor.
RoslynAnalysisRunner will not be running.
RoslynAnalysisRunner has terminated.
Mono: successfully reloaded assembly
- Completed reload, in  0.768 seconds
Platform modules already initialized, skipping
========================================================================
Worker process is ready to serve import requests
Launched and connected shader compiler UnityShaderCompiler.exe after 0.03 seconds
Refreshing native plugins compatible for Editor in 0.31 ms, found 1 plugins.
Preloading 0 native plugins for Editor in 0.00 ms.
Unloading 1810 Unused Serialized files (Serialized files now loaded: 0)
System memory in use before: 87.1 MB.
System memory in use after: 87.1 MB.

Unloading 24 unused Assets to reduce memory usage. Loaded Objects now: 2254.
Total: 1.895700 ms (FindLiveObjects: 0.256400 ms CreateObjectMapping: 0.098400 ms MarkObjects: 1.435500 ms  DeleteObjects: 0.104700 ms)

========================================================================
Received Import Request.
  path: Assets/Scenes/Press Any Key.unity
  artifactKey: Guid(01b679f65f20edf4797edfc8e0024fb9) Importer(815301076,1909f56bfc062723c751e8b465ee728b)
Start importing Assets/Scenes/Press Any Key.unity using Guid(01b679f65f20edf4797edfc8e0024fb9) Importer(815301076,1909f56bfc062723c751e8b465ee728b)  -> (artifact id: 'ec2cfcb1a6024c0ccc47e8eff5ee26d4') in 0.014787 seconds
  Import took 0.017640 seconds .

========================================================================
Received Prepare
Refreshing native plugins compatible for Editor in 1.68 ms, found 1 plugins.
Preloading 0 native plugins for Editor in 0.00 ms.
Unloading 10 Unused Serialized files (Serialized files now loaded: 0)
System memory in use before: 50.2 MB.
System memory in use after: 50.2 MB.

Unloading 10 unused Assets to reduce memory usage. Loaded Objects now: 2254.
Total: 1.833000 ms (FindLiveObjects: 0.165300 ms CreateObjectMapping: 0.061400 ms MarkObjects: 1.507500 ms  DeleteObjects: 0.097900 ms)

========================================================================
Received Import Request.
  Time since last request: 101.884158 seconds.
  path: Assets/Scenes/MainMenu.unity
  artifactKey: Guid(b8ffcd47412f2134387595b13dff0298) Importer(815301076,1909f56bfc062723c751e8b465ee728b)
Start importing Assets/Scenes/MainMenu.unity using Guid(b8ffcd47412f2134387595b13dff0298) Importer(815301076,1909f56bfc062723c751e8b465ee728b)  -> (artifact id: '7177682cb7d8ac98a29070c56c4020e5') in 0.008161 seconds
  Import took 0.011204 seconds .

========================================================================
Received Import Request.
  Time since last request: 0.000601 seconds.
  path: Assets/Scenes/MainMenu.unity
  artifactKey: Guid(b8ffcd47412f2134387595b13dff0298) Importer(815301076,1909f56bfc062723c751e8b465ee728b)
Start importing Assets/Scenes/MainMenu.unity using Guid(b8ffcd47412f2134387595b13dff0298) Importer(815301076,1909f56bfc062723c751e8b465ee728b)  -> (artifact id: '7177682cb7d8ac98a29070c56c4020e5') in 0.002451 seconds
  Import took 0.004842 seconds .

========================================================================
Received Import Request.
  Time since last request: 233.593215 seconds.
  path: Assets/Scripts/OptionsMenu.cs
  artifactKey: Guid(9ab838d366c87f646a5b2e1572cb0914) Importer(815301076,1909f56bfc062723c751e8b465ee728b)
Start importing Assets/Scripts/OptionsMenu.cs using Guid(9ab838d366c87f646a5b2e1572cb0914) Importer(815301076,1909f56bfc062723c751e8b465ee728b)  -> (artifact id: '08bd8ced6f8c85de8c022138821722a4') in 0.023506 seconds
  Import took 0.026768 seconds .

========================================================================
Received Import Request.
  Time since last request: 12.493085 seconds.
  path: Assets/Scripts/PauseMenu.cs
  artifactKey: Guid(03013b09fb9806c47bfa703d2f4fa7b6) Importer(815301076,1909f56bfc062723c751e8b465ee728b)
Start importing Assets/Scripts/PauseMenu.cs using Guid(03013b09fb9806c47bfa703d2f4fa7b6) Importer(815301076,1909f56bfc062723c751e8b465ee728b)  -> (artifact id: 'ac487cc15c9d9b3275c01e8bfb01f707') in 0.006524 seconds
  Import took 0.009155 seconds .

========================================================================
Received Import Request.
  Time since last request: 5.807492 seconds.
  path: Assets/Scripts/Character.cs
  artifactKey: Guid(84f1f822c6cbd454784e3b29961147d4) Importer(815301076,1909f56bfc062723c751e8b465ee728b)
Start importing Assets/Scripts/Character.cs using Guid(84f1f822c6cbd454784e3b29961147d4) Importer(815301076,1909f56bfc062723c751e8b465ee728b)  -> (artifact id: 'b191d25edf4cf8f547272a070d28ab4f') in 0.015437 seconds
  Import took 0.020337 seconds .

========================================================================
Received Prepare
Registering precompiled user dll's ...
Registered in 0.000818 seconds.
Begin MonoManager ReloadAssembly
Native extension for WindowsStandalone target not found
Refreshing native plugins compatible for Editor in 0.43 ms, found 1 plugins.
Preloading 0 native plugins for Editor in 0.00 ms.
Invoked RoslynAnalysisRunner static constructor.
RoslynAnalysisRunner will not be running.
RoslynAnalysisRunner has terminated.
Mono: successfully reloaded assembly
- Completed reload, in  0.731 seconds
Platform modules already initialized, skipping
Refreshing native plugins compatible for Editor in 0.32 ms, found 1 plugins.
Preloading 0 native plugins for Editor in 0.00 ms.
Unloading 1791 Unused Serialized files (Serialized files now loaded: 0)
System memory in use before: 86.4 MB.
System memory in use after: 86.4 MB.

Unloading 12 unused Assets to reduce memory usage. Loaded Objects now: 2257.
Total: 1.794700 ms (FindLiveObjects: 0.210400 ms CreateObjectMapping: 0.089400 ms MarkObjects: 1.403300 ms  DeleteObjects: 0.090600 ms)

========================================================================
Received Prepare
Registering precompiled user dll's ...
Registered in 0.000711 seconds.
Begin MonoManager ReloadAssembly
Native extension for WindowsStandalone target not found
Refreshing native plugins compatible for Editor in 0.38 ms, found 1 plugins.
Preloading 0 native plugins for Editor in 0.00 ms.
Invoked RoslynAnalysisRunner static constructor.
RoslynAnalysisRunner will not be running.
RoslynAnalysisRunner has terminated.
Mono: successfully reloaded assembly
- Completed reload, in  0.711 seconds
Platform modules already initialized, skipping
Refreshing native plugins compatible for Editor in 0.31 ms, found 1 plugins.
Preloading 0 native plugins for Editor in 0.00 ms.
Unloading 1791 Unused Serialized files (Serialized files now loaded: 0)
System memory in use before: 86.6 MB.
System memory in use after: 86.6 MB.

Unloading 12 unused Assets to reduce memory usage. Loaded Objects now: 2260.
Total: 1.975700 ms (FindLiveObjects: 0.185100 ms CreateObjectMapping: 0.068000 ms MarkObjects: 1.578400 ms  DeleteObjects: 0.143500 ms)

========================================================================
Received Prepare
Registering precompiled user dll's ...
Registered in 0.000749 seconds.
Begin MonoManager ReloadAssembly
Native extension for WindowsStandalone target not found
Refreshing native plugins compatible for Editor in 0.30 ms, found 1 plugins.
Preloading 0 native plugins for Editor in 0.00 ms.
Invoked RoslynAnalysisRunner static constructor.
RoslynAnalysisRunner will not be running.
RoslynAnalysisRunner has terminated.
Mono: successfully reloaded assembly
- Completed reload, in  0.716 seconds
Platform modules already initialized, skipping
Refreshing native plugins compatible for Editor in 0.32 ms, found 1 plugins.
Preloading 0 native plugins for Editor in 0.00 ms.
Unloading 1791 Unused Serialized files (Serialized files now loaded: 0)
System memory in use before: 86.8 MB.
System memory in use after: 86.8 MB.

Unloading 12 unused Assets to reduce memory usage. Loaded Objects now: 2263.
Total: 1.693700 ms (FindLiveObjects: 0.164200 ms CreateObjectMapping: 0.058200 ms MarkObjects: 1.386300 ms  DeleteObjects: 0.084000 ms)

AssetImportWorkerClient::OnTransportError - code=2 error=End of file
